# JRE version: Java(TM) SE Runtime Environment (23.0.2+7) (build 23.0.2+7-58)
# Java VM: Java HotSpot(TM) 64-Bit Server VM (23.0.2+7-58, mixed mode, sharing, tiered, compressed oops, compressed class ptrs, g1 gc, windows-amd64)
GC Precious Log:
 CardTable entry size: 512
 Card Set container configuration: InlinePtr #cards 4 size 8 Array Of Cards #cards 32 size 80 Howl #buckets 8 coarsen threshold 7372 Howl Bitmap #cards 1024 size 144 coarsen threshold 921 Card regions per heap region 1 cards per card region 8192
 CPUs: 8 total, 8 available
 Memory: 7412M
 Large Page Support: Disabled
 NUMA Support: Disabled
 Compressed Oops: Enabled (Zero based)
 Heap Region Size: 4M
 Heap Min Capacity: 8M
 Heap Initial Capacity: 116M
 Heap Max Capacity: 8G
 Pre-touch: Disabled
 Parallel Workers: 8
 Concurrent Workers: 2
 Concurrent Refinement Workers: 8
 Periodic GC: Disabled
Heap:
 garbage-first heap   total reserved 8388608K, committed 221184K, used 137590K [0x0000000600000000, 0x0000000800000000)
  region size 4096K, 1 young (4096K), 1 survivors (4096K)
 Metaspace       used 90211K, committed 92608K, reserved 1179648K
  class space    used 13018K, committed 14144K, reserved 1048576K
GC Heap History (20 events):
Event: 144.432 GC heap after
{Heap after GC invocations=44 (full 0):
 garbage-first heap   total reserved 8388608K, committed 163840K, used 101246K [0x0000000600000000, 0x0000000800000000)
  region size 4096K, 2 young (8192K), 2 survivors (8192K)
 Metaspace       used 82450K, committed 84736K, reserved 1179648K
  class space    used 11943K, committed 13056K, reserved 1048576K
}
Event: 147.490 GC heap before
{Heap before GC invocations=45 (full 0):
 garbage-first heap   total reserved 8388608K, committed 172032K, used 138110K [0x0000000600000000, 0x0000000800000000)
  region size 4096K, 12 young (49152K), 2 survivors (8192K)
 Metaspace       used 84645K, committed 86976K, reserved 1179648K
  class space    used 12248K, committed 13376K, reserved 1048576K
}
Event: 147.496 GC heap after
{Heap after GC invocations=46 (full 0):
 garbage-first heap   total reserved 8388608K, committed 172032K, used 109350K [0x0000000600000000, 0x0000000800000000)
  region size 4096K, 2 young (8192K), 2 survivors (8192K)
 Metaspace       used 84645K, committed 86976K, reserved 1179648K
  class space    used 12248K, committed 13376K, reserved 1048576K
}
Event: 149.807 GC heap before
{Heap before GC invocations=46 (full 0):
 garbage-first heap   total reserved 8388608K, committed 172032K, used 150310K [0x0000000600000000, 0x0000000800000000)
  region size 4096K, 12 young (49152K), 2 survivors (8192K)
 Metaspace       used 87373K, committed 89728K, reserved 1179648K
  class space    used 12614K, committed 13760K, reserved 1048576K
}
Event: 149.813 GC heap after
{Heap after GC invocations=47 (full 0):
 garbage-first heap   total reserved 8388608K, committed 172032K, used 109736K [0x0000000600000000, 0x0000000800000000)
  region size 4096K, 1 young (4096K), 1 survivors (4096K)
 Metaspace       used 87373K, committed 89728K, reserved 1179648K
  class space    used 12614K, committed 13760K, reserved 1048576K
}
Event: 152.117 GC heap before
{Heap before GC invocations=47 (full 0):
 garbage-first heap   total reserved 8388608K, committed 172032K, used 150696K [0x0000000600000000, 0x0000000800000000)
  region size 4096K, 11 young (45056K), 1 survivors (4096K)
 Metaspace       used 88810K, committed 91072K, reserved 1179648K
  class space    used 12849K, committed 13952K, reserved 1048576K
}
Event: 152.124 GC heap after
{Heap after GC invocations=48 (full 0):
 garbage-first heap   total reserved 8388608K, committed 172032K, used 112499K [0x0000000600000000, 0x0000000800000000)
  region size 4096K, 2 young (8192K), 2 survivors (8192K)
 Metaspace       used 88810K, committed 91072K, reserved 1179648K
  class space    used 12849K, committed 13952K, reserved 1048576K
}
Event: 162.464 GC heap before
{Heap before GC invocations=49 (full 0):
 garbage-first heap   total reserved 8388608K, committed 200704K, used 145267K [0x0000000600000000, 0x0000000800000000)
  region size 4096K, 10 young (40960K), 2 survivors (8192K)
 Metaspace       used 89116K, committed 91456K, reserved 1179648K
  class space    used 12905K, committed 14016K, reserved 1048576K
}
Event: 162.522 GC heap after
{Heap after GC invocations=50 (full 0):
 garbage-first heap   total reserved 8388608K, committed 200704K, used 115575K [0x0000000600000000, 0x0000000800000000)
  region size 4096K, 2 young (8192K), 2 survivors (8192K)
 Metaspace       used 89116K, committed 91456K, reserved 1179648K
  class space    used 12905K, committed 14016K, reserved 1048576K
}
Event: 200.120 GC heap before
{Heap before GC invocations=50 (full 0):
 garbage-first heap   total reserved 8388608K, committed 200704K, used 177015K [0x0000000600000000, 0x0000000800000000)
  region size 4096K, 17 young (69632K), 2 survivors (8192K)
 Metaspace       used 89488K, committed 91840K, reserved 1179648K
  class space    used 12926K, committed 14080K, reserved 1048576K
}
Event: 200.911 GC heap after
{Heap after GC invocations=51 (full 0):
 garbage-first heap   total reserved 8388608K, committed 200704K, used 120690K [0x0000000600000000, 0x0000000800000000)
  region size 4096K, 3 young (12288K), 3 survivors (12288K)
 Metaspace       used 89488K, committed 91840K, reserved 1179648K
  class space    used 12926K, committed 14080K, reserved 1048576K
}
Event: 210.475 GC heap before
{Heap before GC invocations=51 (full 0):
 garbage-first heap   total reserved 8388608K, committed 200704K, used 169842K [0x0000000600000000, 0x0000000800000000)
  region size 4096K, 16 young (65536K), 3 survivors (12288K)
 Metaspace       used 89500K, committed 91904K, reserved 1179648K
  class space    used 12926K, committed 14080K, reserved 1048576K
}
Event: 210.984 GC heap after
{Heap after GC invocations=52 (full 0):
 garbage-first heap   total reserved 8388608K, committed 200704K, used 123674K [0x0000000600000000, 0x0000000800000000)
  region size 4096K, 2 young (8192K), 2 survivors (8192K)
 Metaspace       used 89500K, committed 91904K, reserved 1179648K
  class space    used 12926K, committed 14080K, reserved 1048576K
}
Event: 211.909 GC heap before
{Heap before GC invocations=52 (full 0):
 garbage-first heap   total reserved 8388608K, committed 200704K, used 172826K [0x0000000600000000, 0x0000000800000000)
  region size 4096K, 15 young (61440K), 2 survivors (8192K)
 Metaspace       used 89505K, committed 91904K, reserved 1179648K
  class space    used 12926K, committed 14080K, reserved 1048576K
}
Event: 212.135 GC heap after
{Heap after GC invocations=53 (full 0):
 garbage-first heap   total reserved 8388608K, committed 200704K, used 124992K [0x0000000600000000, 0x0000000800000000)
  region size 4096K, 2 young (8192K), 2 survivors (8192K)
 Metaspace       used 89505K, committed 91904K, reserved 1179648K
  class space    used 12926K, committed 14080K, reserved 1048576K
}
Event: 219.973 GC heap before
{Heap before GC invocations=54 (full 0):
 garbage-first heap   total reserved 8388608K, committed 221184K, used 165952K [0x0000000600000000, 0x0000000800000000)
  region size 4096K, 13 young (53248K), 2 survivors (8192K)
 Metaspace       used 89511K, committed 91904K, reserved 1179648K
  class space    used 12926K, committed 14080K, reserved 1048576K
}
Event: 220.084 GC heap after
{Heap after GC invocations=55 (full 0):
 garbage-first heap   total reserved 8388608K, committed 221184K, used 126421K [0x0000000600000000, 0x0000000800000000)
  region size 4096K, 2 young (8192K), 2 survivors (8192K)
 Metaspace       used 89511K, committed 91904K, reserved 1179648K
  class space    used 12926K, committed 14080K, reserved 1048576K
}
Event: 230.838 GC heap before
{Heap before GC invocations=55 (full 0):
 garbage-first heap   total reserved 8388608K, committed 221184K, used 159189K [0x0000000600000000, 0x0000000800000000)
  region size 4096K, 10 young (40960K), 2 survivors (8192K)
 Metaspace       used 89580K, committed 91968K, reserved 1179648K
  class space    used 12935K, committed 14080K, reserved 1048576K
}
Event: 231.097 GC heap after
{Heap after GC invocations=56 (full 0):
 garbage-first heap   total reserved 8388608K, committed 221184K, used 136087K [0x0000000600000000, 0x0000000800000000)
  region size 4096K, 2 young (8192K), 2 survivors (8192K)
 Metaspace       used 89580K, committed 91968K, reserved 1179648K
  class space    used 12935K, committed 14080K, reserved 1048576K
}
Event: 257.864 GC heap before
{Heap before GC invocations=56 (full 0):
 garbage-first heap   total reserved 8388608K, committed 221184K, used 189335K [0x0000000600000000, 0x0000000800000000)
  region size 4096K, 16 young (65536K), 2 survivors (8192K)
 Metaspace       used 90211K, committed 92608K, reserved 1179648K
  class space    used 13018K, committed 14144K, reserved 1048576K
}

