# JRE version: Java(TM) SE Runtime Environment (23.0.2+7) (build 23.0.2+7-58)
# Java VM: Java HotSpot(TM) 64-Bit Server VM (23.0.2+7-58, mixed mode, sharing, tiered, compressed oops, compressed class ptrs, g1 gc, windows-amd64)
GC Precious Log:
 CardTable entry size: 512
 Card Set container configuration: InlinePtr #cards 4 size 8 Array Of Cards #cards 32 size 80 Howl #buckets 8 coarsen threshold 7372 Howl Bitmap #cards 1024 size 144 coarsen threshold 921 Card regions per heap region 1 cards per card region 8192
 CPUs: 8 total, 8 available
 Memory: 7412M
 Large Page Support: Disabled
 NUMA Support: Disabled
 Compressed Oops: Enabled (Zero based)
 Heap Region Size: 4M
 Heap Min Capacity: 8M
 Heap Initial Capacity: 116M
 Heap Max Capacity: 8G
 Pre-touch: Disabled
 Parallel Workers: 8
 Concurrent Workers: 2
 Concurrent Refinement Workers: 8
 Periodic GC: Disabled
Heap:
 garbage-first heap   total reserved 8388608K, committed 487424K, used 194363K [0x0000000600000000, 0x0000000800000000)
  region size 4096K, 1 young (4096K), 1 survivors (4096K)
 Metaspace       used 104416K, committed 107072K, reserved 1179648K
  class space    used 15159K, committed 16384K, reserved 1048576K
GC Heap History (20 events):
Event: 216.007 GC heap after
{Heap after GC invocations=71 (full 0):
 garbage-first heap   total reserved 8388608K, committed 294912K, used 174981K [0x0000000600000000, 0x0000000800000000)
  region size 4096K, 2 young (8192K), 2 survivors (8192K)
 Metaspace       used 103759K, committed 106368K, reserved 1179648K
  class space    used 15088K, committed 16320K, reserved 1048576K
}
Event: 217.367 GC heap before
{Heap before GC invocations=71 (full 0):
 garbage-first heap   total reserved 8388608K, committed 294912K, used 252805K [0x0000000600000000, 0x0000000800000000)
  region size 4096K, 22 young (90112K), 2 survivors (8192K)
 Metaspace       used 103764K, committed 106432K, reserved 1179648K
  class space    used 15088K, committed 16320K, reserved 1048576K
}
Event: 217.487 GC heap after
{Heap after GC invocations=72 (full 0):
 garbage-first heap   total reserved 8388608K, committed 294912K, used 178603K [0x0000000600000000, 0x0000000800000000)
  region size 4096K, 2 young (8192K), 2 survivors (8192K)
 Metaspace       used 103764K, committed 106432K, reserved 1179648K
  class space    used 15088K, committed 16320K, reserved 1048576K
}
Event: 226.038 GC heap before
{Heap before GC invocations=72 (full 0):
 garbage-first heap   total reserved 8388608K, committed 294912K, used 256427K [0x0000000600000000, 0x0000000800000000)
  region size 4096K, 21 young (86016K), 2 survivors (8192K)
 Metaspace       used 103948K, committed 106560K, reserved 1179648K
  class space    used 15105K, committed 16320K, reserved 1048576K
}
Event: 226.333 GC heap after
{Heap after GC invocations=73 (full 0):
 garbage-first heap   total reserved 8388608K, committed 294912K, used 182034K [0x0000000600000000, 0x0000000800000000)
  region size 4096K, 3 young (12288K), 3 survivors (12288K)
 Metaspace       used 103948K, committed 106560K, reserved 1179648K
  class space    used 15105K, committed 16320K, reserved 1048576K
}
Event: 228.079 GC heap before
{Heap before GC invocations=73 (full 0):
 garbage-first heap   total reserved 8388608K, committed 294912K, used 251666K [0x0000000600000000, 0x0000000800000000)
  region size 4096K, 21 young (86016K), 3 survivors (12288K)
 Metaspace       used 103958K, committed 106560K, reserved 1179648K
  class space    used 15105K, committed 16320K, reserved 1048576K
}
Event: 228.125 GC heap after
{Heap after GC invocations=74 (full 0):
 garbage-first heap   total reserved 8388608K, committed 294912K, used 183908K [0x0000000600000000, 0x0000000800000000)
  region size 4096K, 2 young (8192K), 2 survivors (8192K)
 Metaspace       used 103958K, committed 106560K, reserved 1179648K
  class space    used 15105K, committed 16320K, reserved 1048576K
}
Event: 242.646 GC heap before
{Heap before GC invocations=75 (full 0):
 garbage-first heap   total reserved 8388608K, committed 315392K, used 257636K [0x0000000600000000, 0x0000000800000000)
  region size 4096K, 21 young (86016K), 2 survivors (8192K)
 Metaspace       used 104107K, committed 106752K, reserved 1179648K
  class space    used 15121K, committed 16384K, reserved 1048576K
}
Event: 242.669 GC heap after
{Heap after GC invocations=76 (full 0):
 garbage-first heap   total reserved 8388608K, committed 315392K, used 187485K [0x0000000600000000, 0x0000000800000000)
  region size 4096K, 3 young (12288K), 3 survivors (12288K)
 Metaspace       used 104107K, committed 106752K, reserved 1179648K
  class space    used 15121K, committed 16384K, reserved 1048576K
}
Event: 248.129 GC heap before
{Heap before GC invocations=76 (full 0):
 garbage-first heap   total reserved 8388608K, committed 315392K, used 273501K [0x0000000600000000, 0x0000000800000000)
  region size 4096K, 25 young (102400K), 3 survivors (12288K)
 Metaspace       used 104217K, committed 106880K, reserved 1179648K
  class space    used 15135K, committed 16384K, reserved 1048576K
}
Event: 248.532 GC heap after
{Heap after GC invocations=77 (full 0):
 garbage-first heap   total reserved 8388608K, committed 315392K, used 184142K [0x0000000600000000, 0x0000000800000000)
  region size 4096K, 2 young (8192K), 2 survivors (8192K)
 Metaspace       used 104217K, committed 106880K, reserved 1179648K
  class space    used 15135K, committed 16384K, reserved 1048576K
}
Event: 258.126 GC heap before
{Heap before GC invocations=77 (full 0):
 garbage-first heap   total reserved 8388608K, committed 315392K, used 270158K [0x0000000600000000, 0x0000000800000000)
  region size 4096K, 24 young (98304K), 2 survivors (8192K)
 Metaspace       used 104413K, committed 107072K, reserved 1179648K
  class space    used 15159K, committed 16384K, reserved 1048576K
}
Event: 259.518 GC heap after
{Heap after GC invocations=78 (full 0):
 garbage-first heap   total reserved 8388608K, committed 487424K, used 192032K [0x0000000600000000, 0x0000000800000000)
  region size 4096K, 3 young (12288K), 3 survivors (12288K)
 Metaspace       used 104413K, committed 107072K, reserved 1179648K
  class space    used 15159K, committed 16384K, reserved 1048576K
}
Event: 259.636 GC heap before
{Heap before GC invocations=78 (full 0):
 garbage-first heap   total reserved 8388608K, committed 487424K, used 196128K [0x0000000600000000, 0x0000000800000000)
  region size 4096K, 5 young (20480K), 3 survivors (12288K)
 Metaspace       used 104414K, committed 107072K, reserved 1179648K
  class space    used 15159K, committed 16384K, reserved 1048576K
}
Event: 260.113 GC heap after
{Heap after GC invocations=79 (full 0):
 garbage-first heap   total reserved 8388608K, committed 487424K, used 193228K [0x0000000600000000, 0x0000000800000000)
  region size 4096K, 1 young (4096K), 1 survivors (4096K)
 Metaspace       used 104414K, committed 107072K, reserved 1179648K
  class space    used 15159K, committed 16384K, reserved 1048576K
}
Event: 260.576 GC heap before
{Heap before GC invocations=79 (full 0):
 garbage-first heap   total reserved 8388608K, committed 487424K, used 205516K [0x0000000600000000, 0x0000000800000000)
  region size 4096K, 5 young (20480K), 1 survivors (4096K)
 Metaspace       used 104416K, committed 107072K, reserved 1179648K
  class space    used 15159K, committed 16384K, reserved 1048576K
}
Event: 260.581 GC heap after
{Heap after GC invocations=80 (full 0):
 garbage-first heap   total reserved 8388608K, committed 487424K, used 193489K [0x0000000600000000, 0x0000000800000000)
  region size 4096K, 1 young (4096K), 1 survivors (4096K)
 Metaspace       used 104416K, committed 107072K, reserved 1179648K
  class space    used 15159K, committed 16384K, reserved 1048576K
}
Event: 260.859 GC heap before
{Heap before GC invocations=80 (full 0):
 garbage-first heap   total reserved 8388608K, committed 487424K, used 205777K [0x0000000600000000, 0x0000000800000000)
  region size 4096K, 5 young (20480K), 1 survivors (4096K)
 Metaspace       used 104416K, committed 107072K, reserved 1179648K
  class space    used 15159K, committed 16384K, reserved 1048576K
}
Event: 260.869 GC heap after
{Heap after GC invocations=81 (full 0):
 garbage-first heap   total reserved 8388608K, committed 487424K, used 193935K [0x0000000600000000, 0x0000000800000000)
  region size 4096K, 1 young (4096K), 1 survivors (4096K)
 Metaspace       used 104416K, committed 107072K, reserved 1179648K
  class space    used 15159K, committed 16384K, reserved 1048576K
}
Event: 261.036 GC heap before
{Heap before GC invocations=81 (full 0):
 garbage-first heap   total reserved 8388608K, committed 487424K, used 206223K [0x0000000600000000, 0x0000000800000000)
  region size 4096K, 5 young (20480K), 1 survivors (4096K)
 Metaspace       used 104416K, committed 107072K, reserved 1179648K
  class space    used 15159K, committed 16384K, reserved 1048576K
}

